<?xml version="1.0" encoding="UTF-8"?>
<testng-results ignored="0" total="1" passed="1" failed="0" skipped="0">
  <reporter-output>
  </reporter-output>
  <suite started-at="2023-10-02T18:52:09 IST" name="Default suite" finished-at="2023-10-02T18:52:18 IST" duration-ms="8814">
    <groups>
    </groups>
    <test started-at="2023-10-02T18:52:09 IST" name="Default test" finished-at="2023-10-02T18:52:18 IST" duration-ms="8814">
      <class name="testPackage.ActiTimeCreateManager">
        <test-method is-config="true" signature="setUp()[pri:0, instance:testPackage.ActiTimeCreateManager@2ddc9a9f]" started-at="2023-10-02T18:52:09 IST" name="setUp" finished-at="2023-10-02T18:52:12 IST" duration-ms="3156" status="PASS">
          <reporter-output>
          </reporter-output>
        </test-method> <!-- setUp -->
        <test-method signature="createNewManagerTestScript()[pri:0, instance:testPackage.ActiTimeCreateManager@2ddc9a9f]" started-at="2023-10-02T18:52:12 IST" name="createNewManagerTestScript" finished-at="2023-10-02T18:52:17 IST" duration-ms="5265" status="PASS">
          <reporter-output>
          </reporter-output>
        </test-method> <!-- createNewManagerTestScript -->
        <test-method is-config="true" signature="tearDown()[pri:0, instance:testPackage.ActiTimeCreateManager@2ddc9a9f]" started-at="2023-10-02T18:52:17 IST" name="tearDown" finished-at="2023-10-02T18:52:18 IST" duration-ms="326" status="PASS">
          <reporter-output>
          </reporter-output>
        </test-method> <!-- tearDown -->
      </class> <!-- testPackage.ActiTimeCreateManager -->
    </test> <!-- Default test -->
  </suite> <!-- Default suite -->
</testng-results>
